<?xml version="1.0" encoding="UTF-8"?>
<testsuite name="MyAllureReportsTest" tests="1" skipped="0" failures="0" errors="0" timestamp="2017-02-14T10:07:21" hostname="SIDDHIVINAYAKA" time="7.943">
  <properties/>
  <testcase name="Test001NavigateToGoogleWebSite" classname="MyAllureReportsTest" time="7.943"/>
  <system-out><![CDATA[]]></system-out>
  <system-err><![CDATA[]]></system-err>
</testsuite>
